<?xml version="1.0" encoding="UTF-8"?>
<robot generator="Robot 6.0.2 (Python 3.11.2 on win32)" generated="20230830 00:38:40.177" rpa="false" schemaversion="3">
<suite id="s1" name="Tests" source="C:\CursoRobot\RobotFramework\Teste Taking\tests">
<suite id="s1-s1" name="Carrinho" source="C:\CursoRobot\RobotFramework\Teste Taking\tests\Carrinho.robot">
<test id="s1-s1-t1" name="Cenário 01: Validar uma compra com sucesso" line="11">
<kw name="Abrir o navegador" library="LoginKeywords" type="SETUP">
<kw name="Open Browser" library="SeleniumLibrary">
<arg>browser=${browser}</arg>
<doc>Opens a new browser instance to the optional ``url``.</doc>
<msg timestamp="20230830 00:38:41.105" level="INFO">Opening browser 'Chrome' to base url 'None'.</msg>
<status status="PASS" starttime="20230830 00:38:41.105" endtime="20230830 00:38:42.247"/>
</kw>
<kw name="Maximize Browser Window" library="SeleniumLibrary">
<doc>Maximizes current browser window.</doc>
<status status="PASS" starttime="20230830 00:38:42.248" endtime="20230830 00:38:42.370"/>
</kw>
<status status="PASS" starttime="20230830 00:38:41.105" endtime="20230830 00:38:42.370"/>
</kw>
<kw name="Dado que eu esteja na logado na home" library="HomeKeywords">
<kw name="Go To" library="SeleniumLibrary">
<arg>${url}</arg>
<doc>Navigates the current browser window to the provided ``url``.</doc>
<msg timestamp="20230830 00:38:42.371" level="INFO">Opening url 'https://www.saucedemo.com/'</msg>
<status status="PASS" starttime="20230830 00:38:42.371" endtime="20230830 00:38:42.768"/>
</kw>
<kw name="Maximize Browser Window" library="SeleniumLibrary">
<doc>Maximizes current browser window.</doc>
<status status="PASS" starttime="20230830 00:38:42.768" endtime="20230830 00:38:42.770"/>
</kw>
<kw name="Input Text" library="SeleniumLibrary">
<arg>locator=${login}</arg>
<arg>text=standard_user</arg>
<doc>Types the given ``text`` into the text field identified by ``locator``.</doc>
<msg timestamp="20230830 00:38:42.771" level="INFO">Typing text 'standard_user' into text field '//input[contains(@placeholder,'Username')]'.</msg>
<status status="PASS" starttime="20230830 00:38:42.771" endtime="20230830 00:38:42.875"/>
</kw>
<kw name="Input Text" library="SeleniumLibrary">
<arg>locator=${password}</arg>
<arg>text=secret_sauce</arg>
<doc>Types the given ``text`` into the text field identified by ``locator``.</doc>
<msg timestamp="20230830 00:38:42.876" level="INFO">Typing text 'secret_sauce' into text field '//input[contains(@placeholder,'Password')]'.</msg>
<status status="PASS" starttime="20230830 00:38:42.875" endtime="20230830 00:38:42.961"/>
</kw>
<kw name="Click Button" library="SeleniumLibrary">
<arg>locator=${buttonLogin}</arg>
<doc>Clicks the button identified by ``locator``.</doc>
<msg timestamp="20230830 00:38:42.961" level="INFO">Clicking button '//input[contains(@type,'submit')]'.</msg>
<status status="PASS" starttime="20230830 00:38:42.961" endtime="20230830 00:38:43.026"/>
</kw>
<status status="PASS" starttime="20230830 00:38:42.371" endtime="20230830 00:38:43.026"/>
</kw>
<kw name="Quando eu clicar em adicionar um produto no carrinho" library="HomeKeywords">
<kw name="Click Button" library="SeleniumLibrary">
<arg>locator=${buttonAddCart}</arg>
<doc>Clicks the button identified by ``locator``.</doc>
<msg timestamp="20230830 00:38:43.027" level="INFO">Clicking button '//button[contains(@data-test,'add-to-cart-sauce-labs-backpack')]'.</msg>
<status status="PASS" starttime="20230830 00:38:43.027" endtime="20230830 00:38:43.080"/>
</kw>
<status status="PASS" starttime="20230830 00:38:43.027" endtime="20230830 00:38:43.080"/>
</kw>
<kw name="E no carrinho clicar em checkout" library="CarrinhoKeywords">
<kw name="Click Element" library="SeleniumLibrary">
<arg>locator=${buttonCart}</arg>
<doc>Click the element identified by ``locator``.</doc>
<msg timestamp="20230830 00:38:43.081" level="INFO">Clicking element '//a[@class='shopping_cart_link'][contains(.,'1')]'.</msg>
<status status="PASS" starttime="20230830 00:38:43.081" endtime="20230830 00:38:43.121"/>
</kw>
<kw name="Click Button" library="SeleniumLibrary">
<arg>locator=${buttonCheckout}</arg>
<doc>Clicks the button identified by ``locator``.</doc>
<msg timestamp="20230830 00:38:43.122" level="INFO">Clicking button '//button[@class='btn btn_action btn_medium checkout_button'][contains(.,'Checkout')]'.</msg>
<status status="PASS" starttime="20230830 00:38:43.122" endtime="20230830 00:38:43.170"/>
</kw>
<status status="PASS" starttime="20230830 00:38:43.081" endtime="20230830 00:38:43.170"/>
</kw>
<kw name="E preencher Primeiro Nome" library="CarrinhoKeywords">
<kw name="First Name" library="FakerLibrary">
<var>${fistNameFake}</var>
<msg timestamp="20230830 00:38:43.171" level="INFO">${fistNameFake} = Alice</msg>
<status status="PASS" starttime="20230830 00:38:43.171" endtime="20230830 00:38:43.171"/>
</kw>
<kw name="Input Text" library="SeleniumLibrary">
<arg>locator=${firstName}</arg>
<arg>text=${fistNameFake}</arg>
<doc>Types the given ``text`` into the text field identified by ``locator``.</doc>
<msg timestamp="20230830 00:38:43.171" level="INFO">Typing text 'Alice' into text field '//input[@placeholder='First Name']'.</msg>
<status status="PASS" starttime="20230830 00:38:43.171" endtime="20230830 00:38:43.241"/>
</kw>
<status status="PASS" starttime="20230830 00:38:43.171" endtime="20230830 00:38:43.241"/>
</kw>
<kw name="E preencher Segundo Nome" library="CarrinhoKeywords">
<kw name="Last Name" library="FakerLibrary">
<var>${lastNameFake}</var>
<msg timestamp="20230830 00:38:43.242" level="INFO">${lastNameFake} = Monteiro</msg>
<status status="PASS" starttime="20230830 00:38:43.242" endtime="20230830 00:38:43.242"/>
</kw>
<kw name="Input Text" library="SeleniumLibrary">
<arg>locator=${lastName}</arg>
<arg>text=${lastNameFake}</arg>
<doc>Types the given ``text`` into the text field identified by ``locator``.</doc>
<msg timestamp="20230830 00:38:43.242" level="INFO">Typing text 'Monteiro' into text field '//input[contains(@placeholder,'Last Name')]'.</msg>
<status status="PASS" starttime="20230830 00:38:43.242" endtime="20230830 00:38:43.312"/>
</kw>
<status status="PASS" starttime="20230830 00:38:43.241" endtime="20230830 00:38:43.312"/>
</kw>
<kw name="E Preencher o código postal" library="CarrinhoKeywords">
<kw name="Postcode" library="FakerLibrary">
<var>${postalCodeFake}</var>
<doc>Randomly returns a postcode.
:param formatted: True to allow formatted postcodes, else False (default True)
:example formatted: '41224-212' '83992-291' '12324322'
:example raw: '43920231' '34239530'</doc>
<msg timestamp="20230830 00:38:43.313" level="INFO">${postalCodeFake} = 77078527</msg>
<status status="PASS" starttime="20230830 00:38:43.313" endtime="20230830 00:38:43.313"/>
</kw>
<kw name="Input Text" library="SeleniumLibrary">
<arg>locator=${postalCode}</arg>
<arg>text=${postalCodeFake}</arg>
<doc>Types the given ``text`` into the text field identified by ``locator``.</doc>
<msg timestamp="20230830 00:38:43.313" level="INFO">Typing text '77078527' into text field '//input[contains(@placeholder,'Zip/Postal Code')]'.</msg>
<status status="PASS" starttime="20230830 00:38:43.313" endtime="20230830 00:38:43.383"/>
</kw>
<status status="PASS" starttime="20230830 00:38:43.312" endtime="20230830 00:38:43.383"/>
</kw>
<kw name="E clicar em continue" library="CarrinhoKeywords">
<kw name="Click Button" library="SeleniumLibrary">
<arg>locator=${buttonContinue}</arg>
<doc>Clicks the button identified by ``locator``.</doc>
<msg timestamp="20230830 00:38:43.384" level="INFO">Clicking button '//input[contains(@type,'submit')]'.</msg>
<status status="PASS" starttime="20230830 00:38:43.384" endtime="20230830 00:38:43.429"/>
</kw>
<status status="PASS" starttime="20230830 00:38:43.383" endtime="20230830 00:38:43.429"/>
</kw>
<kw name="E na tela de Checkout Overview clicar em Finish" library="CarrinhoKeywords">
<kw name="Click Button" library="SeleniumLibrary">
<arg>locator=${buttonFinish}</arg>
<doc>Clicks the button identified by ``locator``.</doc>
<msg timestamp="20230830 00:38:43.431" level="INFO">Clicking button '//button[@class='btn btn_action btn_medium cart_button'][contains(.,'Finish')]'.</msg>
<status status="PASS" starttime="20230830 00:38:43.430" endtime="20230830 00:38:43.480"/>
</kw>
<status status="PASS" starttime="20230830 00:38:43.430" endtime="20230830 00:38:43.480"/>
</kw>
<kw name="Então deverá apresentar a mensagem confirmando a minha compra" library="CarrinhoKeywords">
<kw name="Element Text Should Be" library="SeleniumLibrary">
<arg>${checkoutComplete}</arg>
<arg>Thank you for your order!</arg>
<doc>Verifies that element ``locator`` contains exact the text ``expected``.</doc>
<msg timestamp="20230830 00:38:43.481" level="WARN">Keyword 'Element Text Should Be' found both from a custom library 'SeleniumLibrary' and a standard library 'XML'. The custom keyword is used. To select explicitly, and to get rid of this warning, use either 'SeleniumLibrary.Element Text Should Be' or 'XML.Element Text Should Be'.</msg>
<msg timestamp="20230830 00:38:43.483" level="INFO">Verifying element '//h2[@class='complete-header'][contains(.,'Thank you for your order!')]' contains exact text 'Thank you for your order!'.</msg>
<status status="PASS" starttime="20230830 00:38:43.481" endtime="20230830 00:38:43.501"/>
</kw>
<status status="PASS" starttime="20230830 00:38:43.481" endtime="20230830 00:38:43.502"/>
</kw>
<kw name="Fechar o navegador" library="LoginKeywords" type="TEARDOWN">
<kw name="Close Browser" library="SeleniumLibrary">
<doc>Closes the current browser.</doc>
<status status="PASS" starttime="20230830 00:38:43.502" endtime="20230830 00:38:46.099"/>
</kw>
<status status="PASS" starttime="20230830 00:38:43.502" endtime="20230830 00:38:46.099"/>
</kw>
<doc>Esse teste irá realizar uma compra com sucesso</doc>
<tag>carrinho</tag>
<status status="PASS" starttime="20230830 00:38:41.104" endtime="20230830 00:38:46.100"/>
</test>
<status status="PASS" starttime="20230830 00:38:40.207" endtime="20230830 00:38:46.101"/>
</suite>
<suite id="s1-s2" name="Home" source="C:\CursoRobot\RobotFramework\Teste Taking\tests\Home.robot">
<test id="s1-s2-t1" name="Cenário 01: Adicionar um produto no carrinho" line="10">
<kw name="Abrir o navegador" library="LoginKeywords" type="SETUP">
<kw name="Open Browser" library="SeleniumLibrary">
<arg>browser=${browser}</arg>
<doc>Opens a new browser instance to the optional ``url``.</doc>
<msg timestamp="20230830 00:38:46.110" level="INFO">Opening browser 'Chrome' to base url 'None'.</msg>
<status status="PASS" starttime="20230830 00:38:46.110" endtime="20230830 00:38:47.220"/>
</kw>
<kw name="Maximize Browser Window" library="SeleniumLibrary">
<doc>Maximizes current browser window.</doc>
<status status="PASS" starttime="20230830 00:38:47.220" endtime="20230830 00:38:47.334"/>
</kw>
<status status="PASS" starttime="20230830 00:38:46.110" endtime="20230830 00:38:47.334"/>
</kw>
<kw name="Dado que eu esteja na logado na home" library="HomeKeywords">
<kw name="Go To" library="SeleniumLibrary">
<arg>${url}</arg>
<doc>Navigates the current browser window to the provided ``url``.</doc>
<msg timestamp="20230830 00:38:47.335" level="INFO">Opening url 'https://www.saucedemo.com/'</msg>
<status status="PASS" starttime="20230830 00:38:47.335" endtime="20230830 00:38:47.719"/>
</kw>
<kw name="Maximize Browser Window" library="SeleniumLibrary">
<doc>Maximizes current browser window.</doc>
<status status="PASS" starttime="20230830 00:38:47.719" endtime="20230830 00:38:47.721"/>
</kw>
<kw name="Input Text" library="SeleniumLibrary">
<arg>locator=${login}</arg>
<arg>text=standard_user</arg>
<doc>Types the given ``text`` into the text field identified by ``locator``.</doc>
<msg timestamp="20230830 00:38:47.722" level="INFO">Typing text 'standard_user' into text field '//input[contains(@placeholder,'Username')]'.</msg>
<status status="PASS" starttime="20230830 00:38:47.722" endtime="20230830 00:38:47.825"/>
</kw>
<kw name="Input Text" library="SeleniumLibrary">
<arg>locator=${password}</arg>
<arg>text=secret_sauce</arg>
<doc>Types the given ``text`` into the text field identified by ``locator``.</doc>
<msg timestamp="20230830 00:38:47.826" level="INFO">Typing text 'secret_sauce' into text field '//input[contains(@placeholder,'Password')]'.</msg>
<status status="PASS" starttime="20230830 00:38:47.826" endtime="20230830 00:38:47.914"/>
</kw>
<kw name="Click Button" library="SeleniumLibrary">
<arg>locator=${buttonLogin}</arg>
<doc>Clicks the button identified by ``locator``.</doc>
<msg timestamp="20230830 00:38:47.914" level="INFO">Clicking button '//input[contains(@type,'submit')]'.</msg>
<status status="PASS" starttime="20230830 00:38:47.914" endtime="20230830 00:38:47.980"/>
</kw>
<status status="PASS" starttime="20230830 00:38:47.334" endtime="20230830 00:38:47.981"/>
</kw>
<kw name="Quando eu clicar em adicionar um produto no carrinho" library="HomeKeywords">
<kw name="Click Button" library="SeleniumLibrary">
<arg>locator=${buttonAddCart}</arg>
<doc>Clicks the button identified by ``locator``.</doc>
<msg timestamp="20230830 00:38:47.982" level="INFO">Clicking button '//button[contains(@data-test,'add-to-cart-sauce-labs-backpack')]'.</msg>
<status status="PASS" starttime="20230830 00:38:47.981" endtime="20230830 00:38:48.031"/>
</kw>
<status status="PASS" starttime="20230830 00:38:47.981" endtime="20230830 00:38:48.031"/>
</kw>
<kw name="Então o simbolo do carrinho ficará com o número 1" library="HomeKeywords">
<kw name="Element Should Contain" library="SeleniumLibrary">
<arg>locator=${quantityCart}</arg>
<arg>expected=1</arg>
<doc>Verifies that element ``locator`` contains text ``expected``.</doc>
<msg timestamp="20230830 00:38:48.053" level="INFO">Element '//span[@class='shopping_cart_badge'][contains(.,'1')]' contains text '1'.</msg>
<status status="PASS" starttime="20230830 00:38:48.032" endtime="20230830 00:38:48.053"/>
</kw>
<status status="PASS" starttime="20230830 00:38:48.032" endtime="20230830 00:38:48.053"/>
</kw>
<kw name="Fechar o navegador" library="LoginKeywords" type="TEARDOWN">
<kw name="Close Browser" library="SeleniumLibrary">
<doc>Closes the current browser.</doc>
<status status="PASS" starttime="20230830 00:38:48.054" endtime="20230830 00:38:50.645"/>
</kw>
<status status="PASS" starttime="20230830 00:38:48.054" endtime="20230830 00:38:50.645"/>
</kw>
<doc>Esse teste irá realizar adicionar um produto no carrinho</doc>
<tag>home</tag>
<status status="PASS" starttime="20230830 00:38:46.109" endtime="20230830 00:38:50.646"/>
</test>
<status status="PASS" starttime="20230830 00:38:46.103" endtime="20230830 00:38:50.647"/>
</suite>
<suite id="s1-s3" name="Login" source="C:\CursoRobot\RobotFramework\Teste Taking\tests\Login.robot">
<test id="s1-s3-t1" name="Cenário 01: Validar que o Login é realizado com sucesso" line="11">
<kw name="Abrir o navegador" library="LoginKeywords" type="SETUP">
<kw name="Open Browser" library="SeleniumLibrary">
<arg>browser=${browser}</arg>
<doc>Opens a new browser instance to the optional ``url``.</doc>
<msg timestamp="20230830 00:38:50.656" level="INFO">Opening browser 'Chrome' to base url 'None'.</msg>
<status status="PASS" starttime="20230830 00:38:50.656" endtime="20230830 00:38:51.715"/>
</kw>
<kw name="Maximize Browser Window" library="SeleniumLibrary">
<doc>Maximizes current browser window.</doc>
<status status="PASS" starttime="20230830 00:38:51.715" endtime="20230830 00:38:51.830"/>
</kw>
<status status="PASS" starttime="20230830 00:38:50.656" endtime="20230830 00:38:51.830"/>
</kw>
<kw name="Dado que estou na tela de Login" library="LoginKeywords">
<kw name="Go To" library="SeleniumLibrary">
<arg>${url}</arg>
<doc>Navigates the current browser window to the provided ``url``.</doc>
<msg timestamp="20230830 00:38:51.831" level="INFO">Opening url 'https://www.saucedemo.com/'</msg>
<status status="PASS" starttime="20230830 00:38:51.831" endtime="20230830 00:38:52.218"/>
</kw>
<status status="PASS" starttime="20230830 00:38:51.831" endtime="20230830 00:38:52.218"/>
</kw>
<kw name="Quando eu preencher o email" library="LoginKeywords">
<kw name="Input Text" library="SeleniumLibrary">
<arg>locator=${login}</arg>
<arg>text=standard_user</arg>
<doc>Types the given ``text`` into the text field identified by ``locator``.</doc>
<msg timestamp="20230830 00:38:52.220" level="INFO">Typing text 'standard_user' into text field '//input[contains(@placeholder,'Username')]'.</msg>
<status status="PASS" starttime="20230830 00:38:52.219" endtime="20230830 00:38:52.326"/>
</kw>
<status status="PASS" starttime="20230830 00:38:52.219" endtime="20230830 00:38:52.326"/>
</kw>
<kw name="E preencher a senha" library="LoginKeywords">
<kw name="Input Text" library="SeleniumLibrary">
<arg>locator=${password}</arg>
<arg>text=secret_sauce</arg>
<doc>Types the given ``text`` into the text field identified by ``locator``.</doc>
<msg timestamp="20230830 00:38:52.327" level="INFO">Typing text 'secret_sauce' into text field '//input[contains(@placeholder,'Password')]'.</msg>
<status status="PASS" starttime="20230830 00:38:52.327" endtime="20230830 00:38:52.410"/>
</kw>
<status status="PASS" starttime="20230830 00:38:52.326" endtime="20230830 00:38:52.411"/>
</kw>
<kw name="E Clicar no botão Login" library="LoginKeywords">
<kw name="Click Button" library="SeleniumLibrary">
<arg>locator=${buttonLogin}</arg>
<doc>Clicks the button identified by ``locator``.</doc>
<msg timestamp="20230830 00:38:52.412" level="INFO">Clicking button '//input[contains(@type,'submit')]'.</msg>
<status status="PASS" starttime="20230830 00:38:52.411" endtime="20230830 00:38:52.480"/>
</kw>
<status status="PASS" starttime="20230830 00:38:52.411" endtime="20230830 00:38:52.480"/>
</kw>
<kw name="Então sou direcionado para a Home" library="LoginKeywords">
<kw name="Element Text Should Be" library="SeleniumLibrary">
<arg>${titleHome}</arg>
<arg>Swag Labs</arg>
<doc>Verifies that element ``locator`` contains exact the text ``expected``.</doc>
<msg timestamp="20230830 00:38:52.480" level="WARN">Keyword 'Element Text Should Be' found both from a custom library 'SeleniumLibrary' and a standard library 'XML'. The custom keyword is used. To select explicitly, and to get rid of this warning, use either 'SeleniumLibrary.Element Text Should Be' or 'XML.Element Text Should Be'.</msg>
<msg timestamp="20230830 00:38:52.482" level="INFO">Verifying element '//div[@class='app_logo'][contains(.,'Swag Labs')]' contains exact text 'Swag Labs'.</msg>
<status status="PASS" starttime="20230830 00:38:52.480" endtime="20230830 00:38:52.501"/>
</kw>
<status status="PASS" starttime="20230830 00:38:52.480" endtime="20230830 00:38:52.501"/>
</kw>
<kw name="Fechar o navegador" library="LoginKeywords" type="TEARDOWN">
<kw name="Close Browser" library="SeleniumLibrary">
<doc>Closes the current browser.</doc>
<status status="PASS" starttime="20230830 00:38:52.502" endtime="20230830 00:38:55.089"/>
</kw>
<status status="PASS" starttime="20230830 00:38:52.501" endtime="20230830 00:38:55.089"/>
</kw>
<doc>Esse teste irá realizar o login com sucesso com o usuário standard_user</doc>
<tag>login</tag>
<status status="PASS" starttime="20230830 00:38:50.654" endtime="20230830 00:38:55.090"/>
</test>
<test id="s1-s3-t2" name="Cenário 02: Validar Login com um usuário bloqueado" line="20">
<kw name="Abrir o navegador" library="LoginKeywords" type="SETUP">
<kw name="Open Browser" library="SeleniumLibrary">
<arg>browser=${browser}</arg>
<doc>Opens a new browser instance to the optional ``url``.</doc>
<msg timestamp="20230830 00:38:55.092" level="INFO">Opening browser 'Chrome' to base url 'None'.</msg>
<status status="PASS" starttime="20230830 00:38:55.092" endtime="20230830 00:38:56.146"/>
</kw>
<kw name="Maximize Browser Window" library="SeleniumLibrary">
<doc>Maximizes current browser window.</doc>
<status status="PASS" starttime="20230830 00:38:56.146" endtime="20230830 00:38:56.260"/>
</kw>
<status status="PASS" starttime="20230830 00:38:55.091" endtime="20230830 00:38:56.260"/>
</kw>
<kw name="Dado que estou na tela de Login" library="LoginKeywords">
<kw name="Go To" library="SeleniumLibrary">
<arg>${url}</arg>
<doc>Navigates the current browser window to the provided ``url``.</doc>
<msg timestamp="20230830 00:38:56.260" level="INFO">Opening url 'https://www.saucedemo.com/'</msg>
<status status="PASS" starttime="20230830 00:38:56.260" endtime="20230830 00:38:56.648"/>
</kw>
<status status="PASS" starttime="20230830 00:38:56.260" endtime="20230830 00:38:56.648"/>
</kw>
<kw name="Quando eu preencher o email com um usuário bloqueado" library="LoginKeywords">
<kw name="Input Text" library="SeleniumLibrary">
<arg>locator=${login}</arg>
<arg>text=locked_out_user</arg>
<doc>Types the given ``text`` into the text field identified by ``locator``.</doc>
<msg timestamp="20230830 00:38:56.649" level="INFO">Typing text 'locked_out_user' into text field '//input[contains(@placeholder,'Username')]'.</msg>
<status status="PASS" starttime="20230830 00:38:56.649" endtime="20230830 00:38:56.777"/>
</kw>
<status status="PASS" starttime="20230830 00:38:56.649" endtime="20230830 00:38:56.777"/>
</kw>
<kw name="E preencher a senha" library="LoginKeywords">
<kw name="Input Text" library="SeleniumLibrary">
<arg>locator=${password}</arg>
<arg>text=secret_sauce</arg>
<doc>Types the given ``text`` into the text field identified by ``locator``.</doc>
<msg timestamp="20230830 00:38:56.779" level="INFO">Typing text 'secret_sauce' into text field '//input[contains(@placeholder,'Password')]'.</msg>
<status status="PASS" starttime="20230830 00:38:56.778" endtime="20230830 00:38:56.865"/>
</kw>
<status status="PASS" starttime="20230830 00:38:56.778" endtime="20230830 00:38:56.865"/>
</kw>
<kw name="E Clicar no botão Login" library="LoginKeywords">
<kw name="Click Button" library="SeleniumLibrary">
<arg>locator=${buttonLogin}</arg>
<doc>Clicks the button identified by ``locator``.</doc>
<msg timestamp="20230830 00:38:56.866" level="INFO">Clicking button '//input[contains(@type,'submit')]'.</msg>
<status status="PASS" starttime="20230830 00:38:56.865" endtime="20230830 00:38:56.914"/>
</kw>
<status status="PASS" starttime="20230830 00:38:56.865" endtime="20230830 00:38:56.914"/>
</kw>
<kw name="Então deve apresentar a mensagem que o usuário está bloqueado" library="LoginKeywords">
<kw name="Element Should Be Visible" library="SeleniumLibrary">
<arg>locator=${msgBlock}</arg>
<doc>Verifies that the element identified by ``locator`` is visible.</doc>
<msg timestamp="20230830 00:38:56.935" level="INFO">Element '//h3[@data-test='error'][contains(.,'Epic sadface: Sorry, this user has been locked out.')]' is displayed.</msg>
<status status="PASS" starttime="20230830 00:38:56.914" endtime="20230830 00:38:56.935"/>
</kw>
<status status="PASS" starttime="20230830 00:38:56.914" endtime="20230830 00:38:56.935"/>
</kw>
<kw name="Fechar o navegador" library="LoginKeywords" type="TEARDOWN">
<kw name="Close Browser" library="SeleniumLibrary">
<doc>Closes the current browser.</doc>
<status status="PASS" starttime="20230830 00:38:56.936" endtime="20230830 00:38:59.532"/>
</kw>
<status status="PASS" starttime="20230830 00:38:56.936" endtime="20230830 00:38:59.532"/>
</kw>
<doc>Esse teste irá aprensentar uma mensagem de erro ao logar com o usuário locked_out_user</doc>
<tag>login</tag>
<status status="PASS" starttime="20230830 00:38:55.091" endtime="20230830 00:38:59.532"/>
</test>
<test id="s1-s3-t3" name="Cenário 03: Validar Login com um usuário com problema" line="29">
<kw name="Abrir o navegador" library="LoginKeywords" type="SETUP">
<kw name="Open Browser" library="SeleniumLibrary">
<arg>browser=${browser}</arg>
<doc>Opens a new browser instance to the optional ``url``.</doc>
<msg timestamp="20230830 00:38:59.534" level="INFO">Opening browser 'Chrome' to base url 'None'.</msg>
<status status="PASS" starttime="20230830 00:38:59.533" endtime="20230830 00:39:00.592"/>
</kw>
<kw name="Maximize Browser Window" library="SeleniumLibrary">
<doc>Maximizes current browser window.</doc>
<status status="PASS" starttime="20230830 00:39:00.592" endtime="20230830 00:39:00.706"/>
</kw>
<status status="PASS" starttime="20230830 00:38:59.533" endtime="20230830 00:39:00.706"/>
</kw>
<kw name="Dado que estou na tela de Login" library="LoginKeywords">
<kw name="Go To" library="SeleniumLibrary">
<arg>${url}</arg>
<doc>Navigates the current browser window to the provided ``url``.</doc>
<msg timestamp="20230830 00:39:00.707" level="INFO">Opening url 'https://www.saucedemo.com/'</msg>
<status status="PASS" starttime="20230830 00:39:00.707" endtime="20230830 00:39:01.103"/>
</kw>
<status status="PASS" starttime="20230830 00:39:00.706" endtime="20230830 00:39:01.103"/>
</kw>
<kw name="Quando eu preencher o email com um usuário com problema" library="LoginKeywords">
<kw name="Input Text" library="SeleniumLibrary">
<arg>locator=${login}</arg>
<arg>text=problem_user</arg>
<doc>Types the given ``text`` into the text field identified by ``locator``.</doc>
<msg timestamp="20230830 00:39:01.104" level="INFO">Typing text 'problem_user' into text field '//input[contains(@placeholder,'Username')]'.</msg>
<status status="PASS" starttime="20230830 00:39:01.104" endtime="20230830 00:39:01.218"/>
</kw>
<status status="PASS" starttime="20230830 00:39:01.103" endtime="20230830 00:39:01.218"/>
</kw>
<kw name="E preencher a senha" library="LoginKeywords">
<kw name="Input Text" library="SeleniumLibrary">
<arg>locator=${password}</arg>
<arg>text=secret_sauce</arg>
<doc>Types the given ``text`` into the text field identified by ``locator``.</doc>
<msg timestamp="20230830 00:39:01.219" level="INFO">Typing text 'secret_sauce' into text field '//input[contains(@placeholder,'Password')]'.</msg>
<status status="PASS" starttime="20230830 00:39:01.219" endtime="20230830 00:39:01.301"/>
</kw>
<status status="PASS" starttime="20230830 00:39:01.219" endtime="20230830 00:39:01.301"/>
</kw>
<kw name="E Clicar no botão Login" library="LoginKeywords">
<kw name="Click Button" library="SeleniumLibrary">
<arg>locator=${buttonLogin}</arg>
<doc>Clicks the button identified by ``locator``.</doc>
<msg timestamp="20230830 00:39:01.303" level="INFO">Clicking button '//input[contains(@type,'submit')]'.</msg>
<status status="PASS" starttime="20230830 00:39:01.302" endtime="20230830 00:39:01.371"/>
</kw>
<status status="PASS" starttime="20230830 00:39:01.302" endtime="20230830 00:39:01.371"/>
</kw>
<kw name="E clicar em um produto" library="LoginKeywords">
<kw name="Get Text" library="SeleniumLibrary">
<var>${nameProductHome}</var>
<arg>locator=${productHome}</arg>
<doc>Returns the text value of the element identified by ``locator``.</doc>
<msg timestamp="20230830 00:39:01.392" level="INFO">${nameProductHome} = Sauce Labs Backpack</msg>
<status status="PASS" starttime="20230830 00:39:01.372" endtime="20230830 00:39:01.392"/>
</kw>
<kw name="Set Global Variable" library="BuiltIn">
<arg>${nameProductHome}</arg>
<doc>Makes a variable available globally in all tests and suites.</doc>
<msg timestamp="20230830 00:39:01.392" level="INFO">${nameProductHome} = Sauce Labs Backpack</msg>
<status status="PASS" starttime="20230830 00:39:01.392" endtime="20230830 00:39:01.392"/>
</kw>
<kw name="Click Element" library="SeleniumLibrary">
<arg>locator=${productHome}</arg>
<doc>Click the element identified by ``locator``.</doc>
<msg timestamp="20230830 00:39:01.393" level="INFO">Clicking element '//div[@class='inventory_item_name'][contains(.,'Sauce Labs Backpack')]'.</msg>
<status status="PASS" starttime="20230830 00:39:01.392" endtime="20230830 00:39:01.432"/>
</kw>
<status status="PASS" starttime="20230830 00:39:01.372" endtime="20230830 00:39:01.433"/>
</kw>
<kw name="Então o produto acessado não deve ser o mesmo que o clicado na home" library="LoginKeywords">
<kw name="Get Text" library="SeleniumLibrary">
<var>${nameProduct}</var>
<arg>locator=${product}</arg>
<doc>Returns the text value of the element identified by ``locator``.</doc>
<msg timestamp="20230830 00:39:01.450" level="INFO">${nameProduct} = Sauce Labs Fleece Jacket</msg>
<status status="PASS" starttime="20230830 00:39:01.433" endtime="20230830 00:39:01.450"/>
</kw>
<kw name="Should Not Be Equal As Strings" library="BuiltIn">
<arg>${nameProduct}</arg>
<arg>${product}</arg>
<doc>Fails if objects are equal after converting them to strings.</doc>
<status status="PASS" starttime="20230830 00:39:01.451" endtime="20230830 00:39:01.451"/>
</kw>
<status status="PASS" starttime="20230830 00:39:01.433" endtime="20230830 00:39:01.451"/>
</kw>
<kw name="Fechar o navegador" library="LoginKeywords" type="TEARDOWN">
<kw name="Close Browser" library="SeleniumLibrary">
<doc>Closes the current browser.</doc>
<status status="PASS" starttime="20230830 00:39:01.451" endtime="20230830 00:39:04.064"/>
</kw>
<status status="PASS" starttime="20230830 00:39:01.451" endtime="20230830 00:39:04.064"/>
</kw>
<doc>Esse teste irá realizar o Login com um usuário com problema usuário problem_user</doc>
<tag>login</tag>
<status status="PASS" starttime="20230830 00:38:59.533" endtime="20230830 00:39:04.065"/>
</test>
<test id="s1-s3-t4" name="Cenário 04: Validar Login com um usuário com problema de performance" line="39">
<kw name="Abrir o navegador" library="LoginKeywords" type="SETUP">
<kw name="Open Browser" library="SeleniumLibrary">
<arg>browser=${browser}</arg>
<doc>Opens a new browser instance to the optional ``url``.</doc>
<msg timestamp="20230830 00:39:04.067" level="INFO">Opening browser 'Chrome' to base url 'None'.</msg>
<status status="PASS" starttime="20230830 00:39:04.066" endtime="20230830 00:39:05.124"/>
</kw>
<kw name="Maximize Browser Window" library="SeleniumLibrary">
<doc>Maximizes current browser window.</doc>
<status status="PASS" starttime="20230830 00:39:05.124" endtime="20230830 00:39:05.238"/>
</kw>
<status status="PASS" starttime="20230830 00:39:04.066" endtime="20230830 00:39:05.238"/>
</kw>
<kw name="Dado que estou na tela de Login" library="LoginKeywords">
<kw name="Go To" library="SeleniumLibrary">
<arg>${url}</arg>
<doc>Navigates the current browser window to the provided ``url``.</doc>
<msg timestamp="20230830 00:39:05.239" level="INFO">Opening url 'https://www.saucedemo.com/'</msg>
<status status="PASS" starttime="20230830 00:39:05.239" endtime="20230830 00:39:05.618"/>
</kw>
<status status="PASS" starttime="20230830 00:39:05.239" endtime="20230830 00:39:05.618"/>
</kw>
<kw name=" Quando eu preencher o email com um usuário com problema de performance" library="LoginKeywords">
<kw name="Input Text" library="SeleniumLibrary">
<arg>locator=${login}</arg>
<arg>text=performance_glitch_user</arg>
<doc>Types the given ``text`` into the text field identified by ``locator``.</doc>
<msg timestamp="20230830 00:39:05.619" level="INFO">Typing text 'performance_glitch_user' into text field '//input[contains(@placeholder,'Username')]'.</msg>
<status status="PASS" starttime="20230830 00:39:05.619" endtime="20230830 00:39:05.738"/>
</kw>
<status status="PASS" starttime="20230830 00:39:05.618" endtime="20230830 00:39:05.738"/>
</kw>
<kw name="E preencher a senha" library="LoginKeywords">
<kw name="Input Text" library="SeleniumLibrary">
<arg>locator=${password}</arg>
<arg>text=secret_sauce</arg>
<doc>Types the given ``text`` into the text field identified by ``locator``.</doc>
<msg timestamp="20230830 00:39:05.740" level="INFO">Typing text 'secret_sauce' into text field '//input[contains(@placeholder,'Password')]'.</msg>
<status status="PASS" starttime="20230830 00:39:05.739" endtime="20230830 00:39:05.823"/>
</kw>
<status status="PASS" starttime="20230830 00:39:05.739" endtime="20230830 00:39:05.823"/>
</kw>
<kw name="E Clicar no botão Login" library="LoginKeywords">
<kw name="Click Button" library="SeleniumLibrary">
<arg>locator=${buttonLogin}</arg>
<doc>Clicks the button identified by ``locator``.</doc>
<msg timestamp="20230830 00:39:05.824" level="INFO">Clicking button '//input[contains(@type,'submit')]'.</msg>
<status status="PASS" starttime="20230830 00:39:05.824" endtime="20230830 00:39:10.900"/>
</kw>
<status status="PASS" starttime="20230830 00:39:05.823" endtime="20230830 00:39:10.900"/>
</kw>
<kw name="Então deve ocorrer um delay ao ser direcionado para a home" library="LoginKeywords">
<kw name="Wait Until Element Is Visible" library="SeleniumLibrary">
<arg>${titleHome}</arg>
<doc>Waits until the element ``locator`` is visible.</doc>
<status status="PASS" starttime="20230830 00:39:10.901" endtime="20230830 00:39:10.923"/>
</kw>
<status status="PASS" starttime="20230830 00:39:10.900" endtime="20230830 00:39:10.923"/>
</kw>
<kw name="Fechar o navegador" library="LoginKeywords" type="TEARDOWN">
<kw name="Close Browser" library="SeleniumLibrary">
<doc>Closes the current browser.</doc>
<status status="PASS" starttime="20230830 00:39:10.923" endtime="20230830 00:39:13.305"/>
</kw>
<status status="PASS" starttime="20230830 00:39:10.923" endtime="20230830 00:39:13.305"/>
</kw>
<doc>Esse teste irá realizar o login e aguardar até a home seja carregada com o usuário performance_glitch_user</doc>
<tag>login</tag>
<status status="PASS" starttime="20230830 00:39:04.066" endtime="20230830 00:39:13.306"/>
</test>
<doc>Essa suíte testa a tela de Login</doc>
<status status="PASS" starttime="20230830 00:38:50.649" endtime="20230830 00:39:13.307"/>
</suite>
<status status="PASS" starttime="20230830 00:38:40.179" endtime="20230830 00:39:13.309"/>
</suite>
<statistics>
<total>
<stat pass="6" fail="0" skip="0">All Tests</stat>
</total>
<tag>
<stat pass="1" fail="0" skip="0">carrinho</stat>
<stat pass="1" fail="0" skip="0">home</stat>
<stat pass="4" fail="0" skip="0">login</stat>
</tag>
<suite>
<stat pass="6" fail="0" skip="0" id="s1" name="Tests">Tests</stat>
<stat pass="1" fail="0" skip="0" id="s1-s1" name="Carrinho">Tests.Carrinho</stat>
<stat pass="1" fail="0" skip="0" id="s1-s2" name="Home">Tests.Home</stat>
<stat pass="4" fail="0" skip="0" id="s1-s3" name="Login">Tests.Login</stat>
</suite>
</statistics>
<errors>
<msg timestamp="20230830 00:38:43.481" level="WARN">Keyword 'Element Text Should Be' found both from a custom library 'SeleniumLibrary' and a standard library 'XML'. The custom keyword is used. To select explicitly, and to get rid of this warning, use either 'SeleniumLibrary.Element Text Should Be' or 'XML.Element Text Should Be'.</msg>
<msg timestamp="20230830 00:38:52.480" level="WARN">Keyword 'Element Text Should Be' found both from a custom library 'SeleniumLibrary' and a standard library 'XML'. The custom keyword is used. To select explicitly, and to get rid of this warning, use either 'SeleniumLibrary.Element Text Should Be' or 'XML.Element Text Should Be'.</msg>
</errors>
</robot>
